<?xml version="1.0" encoding="UTF-8"?>
<testng-results ignored="0" total="1" passed="1" failed="0" skipped="0">
  <reporter-output>
  </reporter-output>
  <suite started-at="2025-08-28T13:36:10 IST" name="Default suite" finished-at="2025-08-28T13:36:32 IST" duration-ms="22183">
    <groups>
    </groups>
    <test started-at="2025-08-28T13:36:10 IST" name="Default test" finished-at="2025-08-28T13:36:32 IST" duration-ms="22183">
      <class name="Smoke.smokeTest">
        <test-method is-config="true" signature="beforeClass()[pri:0, instance:Smoke.smokeTest@231f98ef]" started-at="2025-08-28T13:36:10 IST" name="beforeClass" finished-at="2025-08-28T13:36:18 IST" duration-ms="7873" status="PASS">
          <reporter-output>
          </reporter-output>
        </test-method> <!-- beforeClass -->
        <test-method signature="buyProduct()[pri:0, instance:Smoke.smokeTest@231f98ef]" started-at="2025-08-28T13:36:18 IST" name="buyProduct" finished-at="2025-08-28T13:36:32 IST" duration-ms="14212" status="PASS">
          <reporter-output>
          </reporter-output>
        </test-method> <!-- buyProduct -->
        <test-method is-config="true" signature="afterClass()[pri:0, instance:Smoke.smokeTest@231f98ef]" started-at="2025-08-28T13:36:32 IST" name="afterClass" finished-at="2025-08-28T13:36:32 IST" duration-ms="2" status="PASS">
          <reporter-output>
          </reporter-output>
        </test-method> <!-- afterClass -->
      </class> <!-- Smoke.smokeTest -->
    </test> <!-- Default test -->
  </suite> <!-- Default suite -->
</testng-results>
